    Finished `release` profile [optimized + debuginfo] target(s) in 0.05s
     Running `target/release/run_experiment --mode baseline`
correctness:           pass
---
correctness:           pass
arch:                  aarch64
passes:                3
shapes_tested:         (128,16,256) (256,16,256) (768,96,256)
distributions_tested:  clustered uniform sparse
geomean_ns_per_query:  179570
geomean_ns_ci_90pct:   [171989, 188221]
median_ns_per_query:   104375
geomean_cycles_per_query: n/a (no PMU access on this platform)
geomean_instructions_per_query: n/a (no PMU access on this platform)
worst_ns_per_query:    554780 ((768,96,256), clustered)
best_ns_per_query:     101205 ((256,16,256), uniform)
per_combo_geomean_ns:
  (128,16,256) clustered  -> 101979 ns
  (128,16,256) uniform    -> 104660 ns
  (128,16,256) sparse     -> 101743 ns
  (256,16,256) clustered  -> 103836 ns
  (256,16,256) uniform    -> 101205 ns
  (256,16,256) sparse     -> 102245 ns
  (768,96,256) clustered  -> 554780 ns
  (768,96,256) uniform    -> 551865 ns
  (768,96,256) sparse     -> 543466 ns
peak_mem_mb:           0.0
total_seconds:         26.30
